2025-12-23 21:04:22 INFO  Utils:112 -
			[TestNG] Running:
  D:\Java\Hybrid_Framework\testng.xml

2025-12-23 21:05:55 INFO  Utils:112 -
			[TestNG] Running:
  D:\Java\Hybrid_Framework\testng.xml

2025-12-23 21:08:06 INFO  Utils:112 -
			[TestNG] Running:
  D:\Java\Hybrid_Framework\testng.xml

2025-12-23 22:56:48 INFO  Utils:112 -
			[TestNG] Running:
  D:\Java\Hybrid_Framework\testng.xml

2025-12-23 22:57:30 INFO  Utils:112 -
			[TestNG] Running:
  D:\Java\Hybrid_Framework\testng.xml

2025-12-23 22:59:03 INFO  Utils:112 -
			[TestNG] Running:
  D:\Java\Hybrid_Framework\testng.xml

2025-12-23 23:00:36 INFO  Utils:112 -
			[TestNG] Running:
  D:\Java\Hybrid_Framework\testng.xml

2025-12-23 23:07:26 INFO  Utils:112 -
			[TestNG] Running:
  D:\Java\Hybrid_Framework\testng.xml

2025-12-23 23:09:31 INFO  Utils:112 -
			[TestNG] Running:
  D:\Java\Hybrid_Framework\testng.xml

2025-12-23 23:09:38 INFO  TC003_LoginDDT:17 -
			***** stating TC_003_LoginDDT ******
2025-12-23 23:10:00 INFO  TC003_LoginDDT:17 -
			***** stating TC_003_LoginDDT ******
2025-12-23 23:10:22 INFO  TC003_LoginDDT:17 -
			***** stating TC_003_LoginDDT ******
2025-12-23 23:10:43 INFO  TC003_LoginDDT:17 -
			***** stating TC_003_LoginDDT ******
2025-12-23 23:11:05 INFO  Utils:112 -
			[TestNG] Running:
  D:\Java\Hybrid_Framework\testng.xml

2025-12-23 23:11:11 INFO  TC003_LoginDDT:17 -
			***** stating TC_003_LoginDDT ******
2025-12-23 23:11:23 INFO  TC003_LoginDDT:17 -
			***** stating TC_003_LoginDDT ******
2025-12-23 23:11:24 INFO  TC003_LoginDDT:17 -
			***** stating TC_003_LoginDDT ******
2025-12-23 23:11:34 INFO  TC003_LoginDDT:17 -
			***** stating TC_003_LoginDDT ******
2025-12-23 23:11:45 INFO  TC003_LoginDDT:17 -
			***** stating TC_003_LoginDDT ******
2025-12-23 23:11:46 INFO  TC003_LoginDDT:17 -
			***** stating TC_003_LoginDDT ******
2025-12-23 23:12:07 INFO  TC003_LoginDDT:17 -
			***** stating TC_003_LoginDDT ******
2025-12-23 23:12:18 INFO  TC003_LoginDDT:17 -
			***** stating TC_003_LoginDDT ******
2025-12-23 23:19:11 INFO  Utils:112 -
			[TestNG] Running:
  D:\Java\Hybrid_Framework\testng.xml

2025-12-23 23:24:51 INFO  Utils:112 -
			[TestNG] Running:
  D:\Java\Hybrid_Framework\testng.xml

2025-12-23 23:24:58 INFO  TC003_LoginDDT:17 -
			***** stating TC_003_LoginDDT ******
2025-12-23 23:25:10 INFO  TC003_LoginDDT:17 -
			***** stating TC_003_LoginDDT ******
2025-12-23 23:25:21 INFO  TC003_LoginDDT:17 -
			***** stating TC_003_LoginDDT ******
2025-12-23 23:25:32 INFO  TC003_LoginDDT:17 -
			***** stating TC_003_LoginDDT ******
2025-12-23 23:25:53 INFO  TC003_LoginDDT:17 -
			***** stating TC_003_LoginDDT ******
2025-12-23 23:26:04 INFO  TC003_LoginDDT:17 -
			***** stating TC_003_LoginDDT ******
2025-12-23 23:28:11 INFO  Utils:112 -
			[TestNG] Running:
  D:\Java\Hybrid_Framework\testng.xml

2025-12-23 23:28:18 INFO  TC003_LoginDDT:17 -
			***** stating TC_003_LoginDDT ******
2025-12-23 23:28:29 INFO  TC003_LoginDDT:17 -
			***** stating TC_003_LoginDDT ******
2025-12-23 23:28:40 INFO  TC003_LoginDDT:17 -
			***** stating TC_003_LoginDDT ******
2025-12-23 23:28:51 INFO  TC003_LoginDDT:62 -
			***** Finished TC_003_LoginDDT ******
2025-12-23 23:28:51 INFO  TC003_LoginDDT:17 -
			***** stating TC_003_LoginDDT ******
2025-12-23 23:28:53 INFO  TC003_LoginDDT:17 -
			***** stating TC_003_LoginDDT ******
2025-12-23 23:28:54 INFO  TC003_LoginDDT:17 -
			***** stating TC_003_LoginDDT ******
